
[Wed Nov 08 22:48:56 2017] User user1 login
[Wed Nov 08 22:49:00 2017] Get user ID=1 balance = 29820.19000
[Wed Nov 08 22:49:01 2017] start User ID=1 B=29820.19000 d=5
[Wed Nov 08 22:49:06 2017] commit User ID=1 B=29815.19 d=5
[Wed Nov 08 22:49:08 2017] User ID=1 logout
[Wed Nov 08 22:51:41 2017] User user2 login
[Wed Nov 08 22:51:45 2017] Get user ID=2 balance = 599902.90000
[Wed Nov 08 22:51:46 2017] Get user ID=2 balance = 599902.90000
[Wed Nov 08 22:51:47 2017] Get user ID=2 balance = 599902.90000
[Wed Nov 08 22:51:50 2017] start User ID=2 B=599902.90000 d=1
[Wed Nov 08 22:51:55 2017] commit User ID=2 B=599901.9 d=1
[Wed Nov 08 22:52:06 2017] Get user ID=2 balance = 599901.90000
[Wed Nov 08 22:52:08 2017] Get user ID=2 balance = 599901.90000
[Wed Nov 08 22:52:09 2017] Get user ID=2 balance = 599901.90000
[Wed Nov 08 22:52:13 2017] start User ID=2 B=599901.90000 d=1
[Wed Nov 08 22:52:15 2017] commit User ID=2 B=599900.9 d=1
[Wed Nov 08 22:52:18 2017] User ID=2 logout
[Wed Nov 08 22:52:23 2017] User user3 login
[Wed Nov 08 22:52:27 2017] Get user ID=3 balance = 1599999.95000
[Wed Nov 08 22:52:31 2017] Get user ID=3 balance = 1599999.95000
[Wed Nov 08 22:52:32 2017] User ID=3 logout
[Wed Nov 08 22:52:33 2017] User user1 login
[Wed Nov 08 22:52:37 2017] Get user ID=1 balance = 29815.19000
[Wed Nov 08 22:52:38 2017] start User ID=1 B=29815.19000 d=5
[Wed Nov 08 22:52:40 2017] commit User ID=1 B=29810.19 d=5
[Wed Nov 08 22:52:58 2017] User ID=1 logout
[Wed Nov 08 22:52:59 2017] User ID= logout
[Wed Nov 08 22:53:03 2017] User ID= logout
[Wed Nov 08 22:53:03 2017] User ID= logout
[Wed Nov 08 22:53:13 2017] User ID= logout
[Wed Nov 08 23:51:39 2017] User user1 login
[Wed Nov 08 23:51:58 2017] Get user ID=1 balance = 29810.19000
[Wed Nov 08 23:52:02 2017] start User ID=1 B=29810.19000 d=500
[Wed Nov 08 23:52:04 2017] commit User ID=1 B=29310.19 d=500
[Wed Nov 08 23:52:07 2017] Get user ID=1 balance = 29310.19000
[Wed Nov 08 23:52:16 2017] start User ID=1 B=29310.19000 d=29310.19000
[Wed Nov 08 23:52:18 2017] commit User ID=1 B=0 d=29310.19000
[Wed Nov 08 23:52:22 2017] Get user ID=1 balance = 0.00000
[Wed Nov 08 23:52:27 2017] start User ID=1 B=0.00000 d=29310.19000
[Wed Nov 08 23:52:27 2017] error User ID=1 B=0.00000 d=29310.19000
[Wed Nov 08 23:52:31 2017] User ID=1 logout
[Wed Nov 08 23:52:37 2017] User user3 login
[Wed Nov 08 23:52:41 2017] Get user ID=3 balance = 1599999.95000
[Wed Nov 08 23:52:50 2017] start User ID=3 B=1599999.95000 d=567890-
[Wed Nov 08 23:52:50 2017] error User ID=3 B=1599999.95000 d=567890-
[Wed Nov 08 23:52:54 2017] Get user ID=3 balance = 1599999.95000
[Wed Nov 08 23:52:59 2017] start User ID=3 B=1599999.95000 d=567890-
[Wed Nov 08 23:52:59 2017] error User ID=3 B=1599999.95000 d=567890-
[Wed Nov 08 23:53:01 2017] Get user ID=3 balance = 1599999.95000
[Wed Nov 08 23:53:06 2017] start User ID=3 B=1599999.95000 d=5oo876
[Wed Nov 08 23:53:06 2017] error User ID=3 B=1599999.95000 d=5oo876
[Wed Nov 08 23:53:07 2017] Get user ID=3 balance = 1599999.95000
[Wed Nov 08 23:53:08 2017] Get user ID=3 balance = 1599999.95000
[Wed Nov 08 23:53:10 2017] Get user ID=3 balance = 1599999.95000
[Wed Nov 08 23:53:13 2017] start User ID=3 B=1599999.95000 d=123
[Wed Nov 08 23:53:15 2017] commit User ID=3 B=1599876.95 d=123
[Wed Nov 08 23:53:18 2017] User ID=3 logout